e:\elasto_cuda_dll_gpu_debug\elasto_cuda_dll\elasto_cuda_dll\debug\elasto_cuda_dll.pch
e:\elasto_cuda_dll_gpu_debug\elasto_cuda_dll\elasto_cuda_dll\debug\vc120.pdb
e:\elasto_cuda_dll_gpu_debug\elasto_cuda_dll\elasto_cuda_dll\debug\vc120.idb
e:\elasto_cuda_dll_gpu_debug\elasto_cuda_dll\elasto_cuda_dll\debug\stdafx.obj
e:\elasto_cuda_dll_gpu_debug\elasto_cuda_dll\elasto_cuda_dll\debug\cuda_main.obj
e:\elasto_cuda_dll_gpu_debug\elasto_cuda_dll\elasto_cuda_dll\debug\devmatchcuda.obj
e:\elasto_cuda_dll_gpu_debug\elasto_cuda_dll\elasto_cuda_dll\debug\cdata.obj
e:\elasto_cuda_dll_gpu_debug\elasto_cuda_dll\elasto_cuda_dll\debug\cdataprocess.obj
e:\elasto_cuda_dll_gpu_debug\elasto_cuda_dll\elasto_cuda_dll\debug\cdisplacement.obj
e:\elasto_cuda_dll_gpu_debug\elasto_cuda_dll\elasto_cuda_dll\debug\celasto.obj
e:\elasto_cuda_dll_gpu_debug\elasto_cuda_dll\elasto_cuda_dll\debug\cfilter.obj
e:\elasto_cuda_dll_gpu_debug\elasto_cuda_dll\elasto_cuda_dll\debug\cstrain.obj
e:\elasto_cuda_dll_gpu_debug\elasto_cuda_dll\elasto_cuda_dll\debug\elastodll.obj
e:\elasto_cuda_dll_gpu_debug\elasto_cuda_dll\elasto_cuda_dll\debug\elasto_cuda.obj
e:\elasto_cuda_dll_gpu_debug\elasto_cuda_dll\elasto_cuda_dll\debug\errortext.obj
e:\elasto_cuda_dll_gpu_debug\elasto_cuda_dll\elasto_cuda_dll\debug\fileutility.obj
e:\elasto_cuda_dll_gpu_debug\elasto_cuda_dll\elasto_cuda_dll\debug\imagefunc.obj
e:\elasto_cuda_dll_gpu_debug\elasto_cuda_dll\elasto_cuda_dll\debug\log.obj
e:\elasto_cuda_dll_gpu_debug\elasto_cuda_dll\elasto_cuda_dll\debug\sysconfig.obj
e:\elasto_cuda_dll_gpu_debug\elasto_cuda_dll\elasto_cuda_dll\debug\testtime.obj
e:\elasto_cuda_dll_gpu_debug\elasto_cuda_dll\elasto_cuda_dll\debug\dllmain.obj
e:\elasto_cuda_dll_gpu_debug\elasto_cuda_dll\debug\elasto_cuda_dll.dll
e:\elasto_cuda_dll_gpu_debug\elasto_cuda_dll\debug\elasto_cuda_dll.pdb
e:\elasto_cuda_dll_gpu_debug\elasto_cuda_dll\debug\elasto_cuda_dll.lib
e:\elasto_cuda_dll_gpu_debug\elasto_cuda_dll\debug\elasto_cuda_dll.exp
e:\elasto_cuda_dll_gpu_debug\elasto_cuda_dll\elasto_cuda_dll\debug\cuda_main.cu.cache
e:\elasto_cuda_dll_gpu_debug\elasto_cuda_dll\elasto_cuda_dll\debug\devmatchcuda.cu.cache
e:\elasto_cuda_dll_gpu_debug\elasto_cuda_dll\elasto_cuda_dll\debug\cuda_main.cu.obj
e:\elasto_cuda_dll_gpu_debug\elasto_cuda_dll\elasto_cuda_dll\debug\devmatchcuda.cu.obj
e:\elasto_cuda_dll_gpu_debug\elasto_cuda_dll\elasto_cuda_dll\debug\elasto_cuda_dll.tlog\cl.read.1.tlog
e:\elasto_cuda_dll_gpu_debug\elasto_cuda_dll\elasto_cuda_dll\debug\elasto_cuda_dll.tlog\cl.write.1.tlog
e:\elasto_cuda_dll_gpu_debug\elasto_cuda_dll\elasto_cuda_dll\debug\elasto_cuda_dll.tlog\cl.command.1.tlog
e:\elasto_cuda_dll_gpu_debug\elasto_cuda_dll\elasto_cuda_dll\debug\elasto_cuda_dll.tlog\link.read.1.tlog
e:\elasto_cuda_dll_gpu_debug\elasto_cuda_dll\elasto_cuda_dll\debug\elasto_cuda_dll.tlog\link.write.1.tlog
e:\elasto_cuda_dll_gpu_debug\elasto_cuda_dll\elasto_cuda_dll\debug\elasto_cuda_dll.tlog\link.command.1.tlog
e:\elasto_cuda_dll_gpu_debug\elasto_cuda_dll\elasto_cuda_dll\debug\elasto_cuda_dll.tlog\elasto_cuda_dll.write.1u.tlog
